Compiling the C compiler identification source file "CMakeCCompilerId.c" failed.
Compiler: /Applications/Xcode-14.0.0-Release.Candidate.app/Contents/Developer/Toolchains/XcodeDefault.xctoolchain/usr/bin/cc 
Build flags: 
Id flags:  

The output was:
1
ld: library not found for -lSystem
clang: error: linker command failed with exit code 1 (use -v to see invocation)


Compiling the CXX compiler identification source file "CMakeCXXCompilerId.cpp" failed.
Compiler: /Applications/Xcode-14.0.0-Release.Candidate.app/Contents/Developer/Toolchains/XcodeDefault.xctoolchain/usr/bin/c++ 
Build flags: 
Id flags:  

The output was:
1
ld: library not found for -lc++
clang: error: linker command failed with exit code 1 (use -v to see invocation)


Performing C++ SOURCE FILE Test HAVE_LIBATOMIC failed with the following output:
Change Dir: /Users/zacharylineman/Developer/GitHub/Hephaestus/Olympus/cmake-build-debug/CMakeFiles/CMakeTmp

Run Build Command(s):/Users/zacharylineman/Library/Application Support/JetBrains/Toolbox/apps/CLion/ch-0/222.4167.35/CLion.app/Contents/bin/ninja/mac/ninja cmTC_cebfc && [1/2] Building CXX object CMakeFiles/cmTC_cebfc.dir/src.cxx.o
FAILED: CMakeFiles/cmTC_cebfc.dir/src.cxx.o 
/Applications/Xcode-14.0.0-Release.Candidate.app/Contents/Developer/Toolchains/XcodeDefault.xctoolchain/usr/bin/c++ -DHAVE_LIBATOMIC  -isysroot /Applications/Xcode-14.0.0-Release.Candidate.app/Contents/Developer/Platforms/MacOSX.platform/Developer/SDKs/MacOSX12.3.sdk -MD -MT CMakeFiles/cmTC_cebfc.dir/src.cxx.o -MF CMakeFiles/cmTC_cebfc.dir/src.cxx.o.d -o CMakeFiles/cmTC_cebfc.dir/src.cxx.o -c /Users/zacharylineman/Developer/GitHub/Hephaestus/Olympus/cmake-build-debug/CMakeFiles/CMakeTmp/src.cxx
/Users/zacharylineman/Developer/GitHub/Hephaestus/Olympus/cmake-build-debug/CMakeFiles/CMakeTmp/src.cxx:2:21: error: expected ';' after top level declarator
std::atomic<int> foo{0};
                    ^
                    ;
1 error generated.
ninja: build stopped: subcommand failed.


Source file was:
#include <atomic>
std::atomic<int> foo{0};
int main() { return foo.fetch_add(2); }
Determining if the function __android_log_print exists in the log failed with the following output:
Change Dir: /Users/zacharylineman/Developer/GitHub/Hephaestus/Olympus/cmake-build-debug/CMakeFiles/CMakeTmp

Run Build Command(s):/Users/zacharylineman/Library/Application Support/JetBrains/Toolbox/apps/CLion/ch-0/222.4167.35/CLion.app/Contents/bin/ninja/mac/ninja cmTC_fe7b4 && [1/2] Building C object CMakeFiles/cmTC_fe7b4.dir/CheckFunctionExists.c.o
[2/2] Linking C executable cmTC_fe7b4
FAILED: cmTC_fe7b4 
: && /Applications/Xcode-14.0.0-Release.Candidate.app/Contents/Developer/Toolchains/XcodeDefault.xctoolchain/usr/bin/cc -DCHECK_FUNCTION_EXISTS=__android_log_print -isysroot /Applications/Xcode-14.0.0-Release.Candidate.app/Contents/Developer/Platforms/MacOSX.platform/Developer/SDKs/MacOSX12.3.sdk -Wl,-search_paths_first -Wl,-headerpad_max_install_names  CMakeFiles/cmTC_fe7b4.dir/CheckFunctionExists.c.o -o cmTC_fe7b4  -llog && :
ld: library not found for -llog
clang: error: linker command failed with exit code 1 (use -v to see invocation)
ninja: build stopped: subcommand failed.



Performing C SOURCE FILE Test HAVE_GCC_PROTECTED_VISIBILITY failed with the following output:
Change Dir: /Users/zacharylineman/Developer/GitHub/Hephaestus/Olympus/cmake-build-debug/CMakeFiles/CMakeTmp

Run Build Command(s):/Users/zacharylineman/Library/Application Support/JetBrains/Toolbox/apps/CLion/ch-0/222.4167.35/CLion.app/Contents/bin/ninja/mac/ninja cmTC_77bf7 && [1/2] Building C object CMakeFiles/cmTC_77bf7.dir/src.c.o
FAILED: CMakeFiles/cmTC_77bf7.dir/src.c.o 
/Applications/Xcode-14.0.0-Release.Candidate.app/Contents/Developer/Toolchains/XcodeDefault.xctoolchain/usr/bin/cc -DHAVE_GCC_PROTECTED_VISIBILITY  -Wattributes -Werror -isysroot /Applications/Xcode-14.0.0-Release.Candidate.app/Contents/Developer/Platforms/MacOSX.platform/Developer/SDKs/MacOSX12.3.sdk -MD -MT CMakeFiles/cmTC_77bf7.dir/src.c.o -MF CMakeFiles/cmTC_77bf7.dir/src.c.o.d -o CMakeFiles/cmTC_77bf7.dir/src.c.o -c /Users/zacharylineman/Developer/GitHub/Hephaestus/Olympus/cmake-build-debug/CMakeFiles/CMakeTmp/src.c
/Users/zacharylineman/Developer/GitHub/Hephaestus/Olympus/cmake-build-debug/CMakeFiles/CMakeTmp/src.c:1:26: error: target does not support 'protected' visibility; using 'default' [-Werror,-Wunsupported-visibility]
int foo() __attribute__((visibility("protected")));
                         ^
1 error generated.
ninja: build stopped: subcommand failed.


Source file was:
int foo() __attribute__((visibility("protected")));
                             int main() {return 0;}
Determining if the include file arm_neon.h exists failed with the following output:
Change Dir: /Users/zacharylineman/Developer/GitHub/Hephaestus/Olympus/cmake-build-debug/CMakeFiles/CMakeTmp

Run Build Command(s):/Users/zacharylineman/Library/Application Support/JetBrains/Toolbox/apps/CLion/ch-0/222.4167.35/CLion.app/Contents/bin/ninja/mac/ninja cmTC_43732 && [1/2] Building C object CMakeFiles/cmTC_43732.dir/CheckIncludeFile.c.o
FAILED: CMakeFiles/cmTC_43732.dir/CheckIncludeFile.c.o 
/Applications/Xcode-14.0.0-Release.Candidate.app/Contents/Developer/Toolchains/XcodeDefault.xctoolchain/usr/bin/cc   -isysroot /Applications/Xcode-14.0.0-Release.Candidate.app/Contents/Developer/Platforms/MacOSX.platform/Developer/SDKs/MacOSX12.3.sdk -MD -MT CMakeFiles/cmTC_43732.dir/CheckIncludeFile.c.o -MF CMakeFiles/cmTC_43732.dir/CheckIncludeFile.c.o.d -o CMakeFiles/cmTC_43732.dir/CheckIncludeFile.c.o -c /Users/zacharylineman/Developer/GitHub/Hephaestus/Olympus/cmake-build-debug/CMakeFiles/CMakeTmp/CheckIncludeFile.c
In file included from /Users/zacharylineman/Developer/GitHub/Hephaestus/Olympus/cmake-build-debug/CMakeFiles/CMakeTmp/CheckIncludeFile.c:1:
/Applications/Xcode-14.0.0-Release.Candidate.app/Contents/Developer/Toolchains/XcodeDefault.xctoolchain/usr/lib/clang/14.0.0/include/arm_neon.h:28:2: error: "NEON intrinsics not available with the soft-float ABI. Please use -mfloat-abi=softfp or -mfloat-abi=hard"
#error "NEON intrinsics not available with the soft-float ABI. Please use -mfloat-abi=softfp or -mfloat-abi=hard"
 ^
1 error generated.
ninja: build stopped: subcommand failed.



Determining if the include file malloc.h exists failed with the following output:
Change Dir: /Users/zacharylineman/Developer/GitHub/Hephaestus/Olympus/cmake-build-debug/CMakeFiles/CMakeTmp

Run Build Command(s):/Users/zacharylineman/Library/Application Support/JetBrains/Toolbox/apps/CLion/ch-0/222.4167.35/CLion.app/Contents/bin/ninja/mac/ninja cmTC_5c253 && [1/2] Building C object CMakeFiles/cmTC_5c253.dir/CheckIncludeFile.c.o
FAILED: CMakeFiles/cmTC_5c253.dir/CheckIncludeFile.c.o 
/Applications/Xcode-14.0.0-Release.Candidate.app/Contents/Developer/Toolchains/XcodeDefault.xctoolchain/usr/bin/cc   -isysroot /Applications/Xcode-14.0.0-Release.Candidate.app/Contents/Developer/Platforms/MacOSX.platform/Developer/SDKs/MacOSX12.3.sdk -MD -MT CMakeFiles/cmTC_5c253.dir/CheckIncludeFile.c.o -MF CMakeFiles/cmTC_5c253.dir/CheckIncludeFile.c.o.d -o CMakeFiles/cmTC_5c253.dir/CheckIncludeFile.c.o -c /Users/zacharylineman/Developer/GitHub/Hephaestus/Olympus/cmake-build-debug/CMakeFiles/CMakeTmp/CheckIncludeFile.c
/Users/zacharylineman/Developer/GitHub/Hephaestus/Olympus/cmake-build-debug/CMakeFiles/CMakeTmp/CheckIncludeFile.c:1:10: fatal error: 'malloc.h' file not found
#include <malloc.h>
         ^~~~~~~~~~
1 error generated.
ninja: build stopped: subcommand failed.



Determining if the include file intrin.h exists failed with the following output:
Change Dir: /Users/zacharylineman/Developer/GitHub/Hephaestus/Olympus/cmake-build-debug/CMakeFiles/CMakeTmp

Run Build Command(s):/Users/zacharylineman/Library/Application Support/JetBrains/Toolbox/apps/CLion/ch-0/222.4167.35/CLion.app/Contents/bin/ninja/mac/ninja cmTC_02613 && [1/2] Building C object CMakeFiles/cmTC_02613.dir/CheckIncludeFile.c.o
FAILED: CMakeFiles/cmTC_02613.dir/CheckIncludeFile.c.o 
/Applications/Xcode-14.0.0-Release.Candidate.app/Contents/Developer/Toolchains/XcodeDefault.xctoolchain/usr/bin/cc   -isysroot /Applications/Xcode-14.0.0-Release.Candidate.app/Contents/Developer/Platforms/MacOSX.platform/Developer/SDKs/MacOSX12.3.sdk -MD -MT CMakeFiles/cmTC_02613.dir/CheckIncludeFile.c.o -MF CMakeFiles/cmTC_02613.dir/CheckIncludeFile.c.o.d -o CMakeFiles/cmTC_02613.dir/CheckIncludeFile.c.o -c /Users/zacharylineman/Developer/GitHub/Hephaestus/Olympus/cmake-build-debug/CMakeFiles/CMakeTmp/CheckIncludeFile.c
In file included from /Users/zacharylineman/Developer/GitHub/Hephaestus/Olympus/cmake-build-debug/CMakeFiles/CMakeTmp/CheckIncludeFile.c:1:
/Applications/Xcode-14.0.0-Release.Candidate.app/Contents/Developer/Toolchains/XcodeDefault.xctoolchain/usr/lib/clang/14.0.0/include/intrin.h:12:15: fatal error: 'intrin.h' file not found
#include_next <intrin.h>
              ^~~~~~~~~~
1 error generated.
ninja: build stopped: subcommand failed.



Determining if the include file guiddef.h exists failed with the following output:
Change Dir: /Users/zacharylineman/Developer/GitHub/Hephaestus/Olympus/cmake-build-debug/CMakeFiles/CMakeTmp

Run Build Command(s):/Users/zacharylineman/Library/Application Support/JetBrains/Toolbox/apps/CLion/ch-0/222.4167.35/CLion.app/Contents/bin/ninja/mac/ninja cmTC_3578b && [1/2] Building C object CMakeFiles/cmTC_3578b.dir/CheckIncludeFile.c.o
FAILED: CMakeFiles/cmTC_3578b.dir/CheckIncludeFile.c.o 
/Applications/Xcode-14.0.0-Release.Candidate.app/Contents/Developer/Toolchains/XcodeDefault.xctoolchain/usr/bin/cc   -isysroot /Applications/Xcode-14.0.0-Release.Candidate.app/Contents/Developer/Platforms/MacOSX.platform/Developer/SDKs/MacOSX12.3.sdk -MD -MT CMakeFiles/cmTC_3578b.dir/CheckIncludeFile.c.o -MF CMakeFiles/cmTC_3578b.dir/CheckIncludeFile.c.o.d -o CMakeFiles/cmTC_3578b.dir/CheckIncludeFile.c.o -c /Users/zacharylineman/Developer/GitHub/Hephaestus/Olympus/cmake-build-debug/CMakeFiles/CMakeTmp/CheckIncludeFile.c
/Users/zacharylineman/Developer/GitHub/Hephaestus/Olympus/cmake-build-debug/CMakeFiles/CMakeTmp/CheckIncludeFile.c:1:10: fatal error: 'guiddef.h' file not found
#include <guiddef.h>
         ^~~~~~~~~~~
1 error generated.
ninja: build stopped: subcommand failed.



Determining if the include file initguid.h exists failed with the following output:
Change Dir: /Users/zacharylineman/Developer/GitHub/Hephaestus/Olympus/cmake-build-debug/CMakeFiles/CMakeTmp

Run Build Command(s):/Users/zacharylineman/Library/Application Support/JetBrains/Toolbox/apps/CLion/ch-0/222.4167.35/CLion.app/Contents/bin/ninja/mac/ninja cmTC_d0706 && [1/2] Building C object CMakeFiles/cmTC_d0706.dir/CheckIncludeFile.c.o
FAILED: CMakeFiles/cmTC_d0706.dir/CheckIncludeFile.c.o 
/Applications/Xcode-14.0.0-Release.Candidate.app/Contents/Developer/Toolchains/XcodeDefault.xctoolchain/usr/bin/cc   -isysroot /Applications/Xcode-14.0.0-Release.Candidate.app/Contents/Developer/Platforms/MacOSX.platform/Developer/SDKs/MacOSX12.3.sdk -MD -MT CMakeFiles/cmTC_d0706.dir/CheckIncludeFile.c.o -MF CMakeFiles/cmTC_d0706.dir/CheckIncludeFile.c.o.d -o CMakeFiles/cmTC_d0706.dir/CheckIncludeFile.c.o -c /Users/zacharylineman/Developer/GitHub/Hephaestus/Olympus/cmake-build-debug/CMakeFiles/CMakeTmp/CheckIncludeFile.c
/Users/zacharylineman/Developer/GitHub/Hephaestus/Olympus/cmake-build-debug/CMakeFiles/CMakeTmp/CheckIncludeFile.c:1:10: fatal error: 'initguid.h' file not found
#include <initguid.h>
         ^~~~~~~~~~~~
1 error generated.
ninja: build stopped: subcommand failed.



Determining if the function clock_gettime exists in the rt failed with the following output:
Change Dir: /Users/zacharylineman/Developer/GitHub/Hephaestus/Olympus/cmake-build-debug/CMakeFiles/CMakeTmp

Run Build Command(s):/Users/zacharylineman/Library/Application Support/JetBrains/Toolbox/apps/CLion/ch-0/222.4167.35/CLion.app/Contents/bin/ninja/mac/ninja cmTC_ae492 && [1/2] Building C object CMakeFiles/cmTC_ae492.dir/CheckFunctionExists.c.o
[2/2] Linking C executable cmTC_ae492
FAILED: cmTC_ae492 
: && /Applications/Xcode-14.0.0-Release.Candidate.app/Contents/Developer/Toolchains/XcodeDefault.xctoolchain/usr/bin/cc -DCHECK_FUNCTION_EXISTS=clock_gettime -isysroot /Applications/Xcode-14.0.0-Release.Candidate.app/Contents/Developer/Platforms/MacOSX.platform/Developer/SDKs/MacOSX12.3.sdk -Wl,-search_paths_first -Wl,-headerpad_max_install_names  CMakeFiles/cmTC_ae492.dir/CheckFunctionExists.c.o -o cmTC_ae492  -lrt  -lm && :
ld: library not found for -lrt
clang: error: linker command failed with exit code 1 (use -v to see invocation)
ninja: build stopped: subcommand failed.



Determining if the _aligned_malloc exist failed with the following output:
Change Dir: /Users/zacharylineman/Developer/GitHub/Hephaestus/Olympus/cmake-build-debug/CMakeFiles/CMakeTmp

Run Build Command(s):/Users/zacharylineman/Library/Application Support/JetBrains/Toolbox/apps/CLion/ch-0/222.4167.35/CLion.app/Contents/bin/ninja/mac/ninja cmTC_7149b && [1/2] Building C object CMakeFiles/cmTC_7149b.dir/CheckSymbolExists.c.o
FAILED: CMakeFiles/cmTC_7149b.dir/CheckSymbolExists.c.o 
/Applications/Xcode-14.0.0-Release.Candidate.app/Contents/Developer/Toolchains/XcodeDefault.xctoolchain/usr/bin/cc   -isysroot /Applications/Xcode-14.0.0-Release.Candidate.app/Contents/Developer/Platforms/MacOSX.platform/Developer/SDKs/MacOSX12.3.sdk -MD -MT CMakeFiles/cmTC_7149b.dir/CheckSymbolExists.c.o -MF CMakeFiles/cmTC_7149b.dir/CheckSymbolExists.c.o.d -o CMakeFiles/cmTC_7149b.dir/CheckSymbolExists.c.o -c /Users/zacharylineman/Developer/GitHub/Hephaestus/Olympus/cmake-build-debug/CMakeFiles/CMakeTmp/CheckSymbolExists.c
/Users/zacharylineman/Developer/GitHub/Hephaestus/Olympus/cmake-build-debug/CMakeFiles/CMakeTmp/CheckSymbolExists.c:2:10: fatal error: 'malloc.h' file not found
#include <malloc.h>
         ^~~~~~~~~~
1 error generated.
ninja: build stopped: subcommand failed.


File /Users/zacharylineman/Developer/GitHub/Hephaestus/Olympus/cmake-build-debug/CMakeFiles/CMakeTmp/CheckSymbolExists.c:
/* */
#include <malloc.h>

int main(int argc, char** argv)
{
  (void)argv;
#ifndef _aligned_malloc
  return ((int*)(&_aligned_malloc))[argc];
#else
  (void)argc;
  return 0;
#endif
}
Determining if files pthread.h;pthread_np.h exist failed with the following output:
Change Dir: /Users/zacharylineman/Developer/GitHub/Hephaestus/Olympus/cmake-build-debug/CMakeFiles/CMakeTmp

Run Build Command(s):/Users/zacharylineman/Library/Application Support/JetBrains/Toolbox/apps/CLion/ch-0/222.4167.35/CLion.app/Contents/bin/ninja/mac/ninja cmTC_6711a && [1/2] Building C object CMakeFiles/cmTC_6711a.dir/HAVE_PTHREAD_NP_H.c.o
FAILED: CMakeFiles/cmTC_6711a.dir/HAVE_PTHREAD_NP_H.c.o 
/Applications/Xcode-14.0.0-Release.Candidate.app/Contents/Developer/Toolchains/XcodeDefault.xctoolchain/usr/bin/cc   -pthread -isysroot /Applications/Xcode-14.0.0-Release.Candidate.app/Contents/Developer/Platforms/MacOSX.platform/Developer/SDKs/MacOSX12.3.sdk -MD -MT CMakeFiles/cmTC_6711a.dir/HAVE_PTHREAD_NP_H.c.o -MF CMakeFiles/cmTC_6711a.dir/HAVE_PTHREAD_NP_H.c.o.d -o CMakeFiles/cmTC_6711a.dir/HAVE_PTHREAD_NP_H.c.o -c /Users/zacharylineman/Developer/GitHub/Hephaestus/Olympus/cmake-build-debug/CMakeFiles/CheckIncludeFiles/HAVE_PTHREAD_NP_H.c
/Users/zacharylineman/Developer/GitHub/Hephaestus/Olympus/cmake-build-debug/CMakeFiles/CheckIncludeFiles/HAVE_PTHREAD_NP_H.c:3:10: fatal error: 'pthread_np.h' file not found
#include <pthread_np.h>
         ^~~~~~~~~~~~~~
1 error generated.
ninja: build stopped: subcommand failed.


Source:
/* */
#include <pthread.h>
#include <pthread_np.h>


int main(void){return 0;}

Performing C SOURCE FILE Test PTHREAD_SETNAME_NP_THREE_PARAMS failed with the following output:
Change Dir: /Users/zacharylineman/Developer/GitHub/Hephaestus/Olympus/cmake-build-debug/CMakeFiles/CMakeTmp

Run Build Command(s):/Users/zacharylineman/Library/Application Support/JetBrains/Toolbox/apps/CLion/ch-0/222.4167.35/CLion.app/Contents/bin/ninja/mac/ninja cmTC_09938 && [1/2] Building C object CMakeFiles/cmTC_09938.dir/src.c.o
FAILED: CMakeFiles/cmTC_09938.dir/src.c.o 
/Applications/Xcode-14.0.0-Release.Candidate.app/Contents/Developer/Toolchains/XcodeDefault.xctoolchain/usr/bin/cc -DPTHREAD_SETNAME_NP_THREE_PARAMS  -pthread -isysroot /Applications/Xcode-14.0.0-Release.Candidate.app/Contents/Developer/Platforms/MacOSX.platform/Developer/SDKs/MacOSX12.3.sdk -MD -MT CMakeFiles/cmTC_09938.dir/src.c.o -MF CMakeFiles/cmTC_09938.dir/src.c.o.d -o CMakeFiles/cmTC_09938.dir/src.c.o -c /Users/zacharylineman/Developer/GitHub/Hephaestus/Olympus/cmake-build-debug/CMakeFiles/CMakeTmp/src.c
/Users/zacharylineman/Developer/GitHub/Hephaestus/Olympus/cmake-build-debug/CMakeFiles/CMakeTmp/src.c:5:40: error: too many arguments to function call, expected 1, have 3
    pthread_setname_np(pthread_self(), "%s", "testname");
    ~~~~~~~~~~~~~~~~~~                 ^~~~~~~~~~~~~~~~
/Applications/Xcode-14.0.0-Release.Candidate.app/Contents/Developer/Platforms/MacOSX.platform/Developer/SDKs/MacOSX12.3.sdk/usr/include/pthread.h:510:5: note: 'pthread_setname_np' declared here
int     pthread_setname_np(const char*);
        ^
1 error generated.
ninja: build stopped: subcommand failed.


Source file was:

#include <pthread.h>
int main()
{
    pthread_setname_np(pthread_self(), "%s", "testname");
    return 0;
}
